<?xml version="1.0" encoding="UTF-8"?>
<!-- Generated by org.testng.reporters.JUnitReportReporter -->
<testsuite hostname="Active34" failures="0" tests="2" name="API.Test.miniclub_Test" time="4.127" errors="0" timestamp="2025-07-03T18:19:29 IST" skipped="0">
  <testcase classname="API.Test.miniclub_Test" name="Loginaccess_token" time="3.457"/>
  <testcase classname="API.Test.miniclub_Test" name="list_miniclub" time="0.670"/>
</testsuite> <!-- API.Test.miniclub_Test -->
