<?xml version="1.0" encoding="UTF-8"?>
<!-- Generated by org.testng.reporters.JUnitReportReporter -->
<testsuite hostname="Active34" failures="0" tests="2" name="API.Test.member_Test" time="4.484" errors="0" timestamp="2025-07-01T18:17:08 IST" skipped="0">
  <testcase classname="API.Test.member_Test" name="Loginaccess_token" time="3.789"/>
  <testcase classname="API.Test.member_Test" name="Testupdatemember" time="0.695"/>
</testsuite> <!-- API.Test.member_Test -->
