<?xml version="1.0" encoding="UTF-8"?>
<!-- Generated by org.testng.reporters.JUnitReportReporter -->
<testsuite hostname="Active34" failures="0" tests="2" name="API.Test.member_Test" time="3.984" errors="0" timestamp="2025-07-03T18:26:15 IST" skipped="0">
  <testcase classname="API.Test.member_Test" name="Loginaccess_token" time="3.343"/>
  <testcase classname="API.Test.member_Test" name="Testlistofmember" time="0.641"/>
</testsuite> <!-- API.Test.member_Test -->
