<?xml version="1.0" encoding="UTF-8"?>
<!-- Generated by org.testng.reporters.JUnitReportReporter -->
<testsuite hostname="Active34" failures="0" tests="4" name="API.Test.miniclub_Test" time="6.025" errors="0" timestamp="2025-06-25T18:26:44 IST" skipped="0">
  <testcase classname="API.Test.miniclub_Test" name="Loginaccess_token" time="3.679"/>
  <testcase classname="API.Test.miniclub_Test" name="list_miniclub" time="0.636"/>
  <testcase classname="API.Test.miniclub_Test" name="get_miniclubdetails" time="0.595"/>
  <testcase classname="API.Test.miniclub_Test" name="update_miniclub" time="1.115"/>
</testsuite> <!-- API.Test.miniclub_Test -->
