<?xml version="1.0" encoding="UTF-8"?>
<!-- Generated by org.testng.reporters.JUnitReportReporter -->
<testsuite hostname="Active34" failures="0" tests="1" name="Login_access.login_token_access" time="4.388" errors="0" timestamp="2025-06-13T16:14:36 IST" skipped="0">
  <testcase classname="Login_access.login_token_access" name="Loginaccess_token" time="4.388"/>
</testsuite> <!-- Login_access.login_token_access -->
